<?xml version="1.0" encoding="UTF-8"?>
<!-- Generated by org.testng.reporters.JUnitXMLReporter -->
<testsuite ignored="0" hostname="DESKTOP-AF33508" failures="0" tests="2" name="Default test" time="31.799" errors="0" timestamp="2022-09-10T18:52:47 IST">
  <testcase classname="testng_annotations.BeforeClass_AfterClass_Annotation" name="add_Employee" time="5.977"/>
  <testcase classname="testng_annotations.BeforeClass_AfterClass_Annotation" name="add_User" time="5.494"/>
</testsuite> <!-- Default test -->
